# JRE version: Java(TM) SE Runtime Environment (8.0_31-b13) (build 1.8.0_31-b13)
# Java VM: Java HotSpot(TM) 64-Bit Server VM (25.31-b07 mixed mode bsd-amd64 compressed oops)
Heap:
 PSYoungGen      total 299008K, used 61920K [0x0000000795580000, 0x00000007afa80000, 0x00000007c0000000)
  eden space 237056K, 0% used [0x0000000795580000,0x0000000795580000,0x00000007a3d00000)
  from space 61952K, 99% used [0x00000007a3d00000,0x00000007a7978070,0x00000007a7980000)
  to   space 84992K, 0% used [0x00000007aa780000,0x00000007aa780000,0x00000007afa80000)
 ParOldGen       total 126976K, used 125577K [0x0000000740000000, 0x0000000747c00000, 0x0000000795580000)
  object space 126976K, 98% used [0x0000000740000000,0x0000000747aa2530,0x0000000747c00000)
 Metaspace       used 38749K, capacity 39502K, committed 39808K, reserved 1083392K
  class space    used 4668K, capacity 4915K, committed 4992K, reserved 1048576K
GC Heap History (10 events):
Event: 501.701 GC heap after
Heap after GC invocations=33 (full 2):
 PSYoungGen      total 252416K, used 32859K [0x0000000795580000, 0x00000007aa480000, 0x00000007c0000000)
  eden space 192000K, 0% used [0x0000000795580000,0x0000000795580000,0x00000007a1100000)
  from space 60416K, 54% used [0x00000007a1100000,0x00000007a3116c68,0x00000007a4c00000)
  to   space 59904K, 0% used [0x00000007a6a00000,0x00000007a6a00000,0x00000007aa480000)
 ParOldGen       total 101376K, used 78906K [0x0000000740000000, 0x0000000746300000, 0x0000000795580000)
  object space 101376K, 77% used [0x0000000740000000,0x0000000744d0eae0,0x0000000746300000)
 Metaspace       used 38596K, capacity 39374K, committed 39808K, reserved 1083392K
  class space    used 4662K, capacity 4915K, committed 4992K, reserved 1048576K
}
Event: 952.199 GC heap before
{Heap before GC invocations=34 (full 2):
 PSYoungGen      total 252416K, used 224859K [0x0000000795580000, 0x00000007aa480000, 0x00000007c0000000)
  eden space 192000K, 100% used [0x0000000795580000,0x00000007a1100000,0x00000007a1100000)
  from space 60416K, 54% used [0x00000007a1100000,0x00000007a3116c68,0x00000007a4c00000)
  to   space 59904K, 0% used [0x00000007a6a00000,0x00000007a6a00000,0x00000007aa480000)
 ParOldGen       total 101376K, used 78906K [0x0000000740000000, 0x0000000746300000, 0x0000000795580000)
  object space 101376K, 77% used [0x0000000740000000,0x0000000744d0eae0,0x0000000746300000)
 Metaspace       used 38715K, capacity 39502K, committed 39808K, reserved 1083392K
  class space    used 4667K, capacity 4915K, committed 4992K, reserved 1048576K
Event: 952.237 GC heap after
Heap after GC invocations=34 (full 2):
 PSYoungGen      total 268800K, used 23872K [0x0000000795580000, 0x00000007a9a80000, 0x00000007c0000000)
  eden space 219136K, 0% used [0x0000000795580000,0x0000000795580000,0x00000007a2b80000)
  from space 49664K, 48% used [0x00000007a6a00000,0x00000007a8150040,0x00000007a9a80000)
  to   space 56832K, 0% used [0x00000007a2b80000,0x00000007a2b80000,0x00000007a6300000)
 ParOldGen       total 101376K, used 87457K [0x0000000740000000, 0x0000000746300000, 0x0000000795580000)
  object space 101376K, 86% used [0x0000000740000000,0x0000000745568530,0x0000000746300000)
 Metaspace       used 38715K, capacity 39502K, committed 39808K, reserved 1083392K
  class space    used 4667K, capacity 4915K, committed 4992K, reserved 1048576K
}
Event: 954.296 GC heap before
{Heap before GC invocations=35 (full 2):
 PSYoungGen      total 268800K, used 243008K [0x0000000795580000, 0x00000007a9a80000, 0x00000007c0000000)
  eden space 219136K, 100% used [0x0000000795580000,0x00000007a2b80000,0x00000007a2b80000)
  from space 49664K, 48% used [0x00000007a6a00000,0x00000007a8150040,0x00000007a9a80000)
  to   space 56832K, 0% used [0x00000007a2b80000,0x00000007a2b80000,0x00000007a6300000)
 ParOldGen       total 101376K, used 87457K [0x0000000740000000, 0x0000000746300000, 0x0000000795580000)
  object space 101376K, 86% used [0x0000000740000000,0x0000000745568530,0x0000000746300000)
 Metaspace       used 38715K, capacity 39502K, committed 39808K, reserved 1083392K
  class space    used 4667K, capacity 4915K, committed 4992K, reserved 1048576K
Event: 954.323 GC heap after
Heap after GC invocations=35 (full 2):
 PSYoungGen      total 275968K, used 27270K [0x0000000795580000, 0x00000007aae80000, 0x00000007c0000000)
  eden space 219136K, 0% used [0x0000000795580000,0x0000000795580000,0x00000007a2b80000)
  from space 56832K, 47% used [0x00000007a2b80000,0x00000007a4621918,0x00000007a6300000)
  to   space 54272K, 0% used [0x00000007a7980000,0x00000007a7980000,0x00000007aae80000)
 ParOldGen       total 101376K, used 87465K [0x0000000740000000, 0x0000000746300000, 0x0000000795580000)
  object space 101376K, 86% used [0x0000000740000000,0x000000074556a530,0x0000000746300000)
 Metaspace       used 38715K, capacity 39502K, committed 39808K, reserved 1083392K
  class space    used 4667K, capacity 4915K, committed 4992K, reserved 1048576K
}
Event: 976.235 GC heap before
{Heap before GC invocations=36 (full 2):
 PSYoungGen      total 275968K, used 246406K [0x0000000795580000, 0x00000007aae80000, 0x00000007c0000000)
  eden space 219136K, 100% used [0x0000000795580000,0x00000007a2b80000,0x00000007a2b80000)
  from space 56832K, 47% used [0x00000007a2b80000,0x00000007a4621918,0x00000007a6300000)
  to   space 54272K, 0% used [0x00000007a7980000,0x00000007a7980000,0x00000007aae80000)
 ParOldGen       total 101376K, used 87465K [0x0000000740000000, 0x0000000746300000, 0x0000000795580000)
  object space 101376K, 86% used [0x0000000740000000,0x000000074556a530,0x0000000746300000)
 Metaspace       used 38717K, capacity 39502K, committed 39808K, reserved 1083392K
  class space    used 4668K, capacity 4915K, committed 4992K, reserved 1048576K
Event: 976.304 GC heap after
Heap after GC invocations=36 (full 2):
 PSYoungGen      total 291328K, used 53101K [0x0000000795580000, 0x00000007abb00000, 0x00000007c0000000)
  eden space 237056K, 0% used [0x0000000795580000,0x0000000795580000,0x00000007a3d00000)
  from space 54272K, 97% used [0x00000007a7980000,0x00000007aad5b448,0x00000007aae80000)
  to   space 61952K, 0% used [0x00000007a3d00000,0x00000007a3d00000,0x00000007a7980000)
 ParOldGen       total 101376K, used 87465K [0x0000000740000000, 0x0000000746300000, 0x0000000795580000)
  object space 101376K, 86% used [0x0000000740000000,0x000000074556a530,0x0000000746300000)
 Metaspace       used 38717K, capacity 39502K, committed 39808K, reserved 1083392K
  class space    used 4668K, capacity 4915K, committed 4992K, reserved 1048576K
}
Event: 1010.620 GC heap before
{Heap before GC invocations=37 (full 2):
 PSYoungGen      total 291328K, used 290157K [0x0000000795580000, 0x00000007abb00000, 0x00000007c0000000)
  eden space 237056K, 100% used [0x0000000795580000,0x00000007a3d00000,0x00000007a3d00000)
  from space 54272K, 97% used [0x00000007a7980000,0x00000007aad5b448,0x00000007aae80000)
  to   space 61952K, 0% used [0x00000007a3d00000,0x00000007a3d00000,0x00000007a7980000)
 ParOldGen       total 101376K, used 87465K [0x0000000740000000, 0x0000000746300000, 0x0000000795580000)
  object space 101376K, 86% used [0x0000000740000000,0x000000074556a530,0x0000000746300000)
 Metaspace       used 38749K, capacity 39502K, committed 39808K, reserved 1083392K
  class space    used 4668K, capacity 4915K, committed 4992K, reserved 1048576K
Event: 1010.900 GC heap after
Heap after GC invocations=37 (full 2):
 PSYoungGen      total 299008K, used 61920K [0x0000000795580000, 0x00000007afa80000, 0x00000007c0000000)
  eden space 237056K, 0% used [0x0000000795580000,0x0000000795580000,0x00000007a3d00000)
  from space 61952K, 99% used [0x00000007a3d00000,0x00000007a7978070,0x00000007a7980000)
  to   space 84992K, 0% used [0x00000007aa780000,0x00000007aa780000,0x00000007afa80000)
 ParOldGen       total 126976K, used 125577K [0x0000000740000000, 0x0000000747c00000, 0x0000000795580000)
  object space 126976K, 98% used [0x0000000740000000,0x0000000747aa2530,0x0000000747c00000)
 Metaspace       used 38749K, capacity 39502K, committed 39808K, reserved 1083392K
  class space    used 4668K, capacity 4915K, committed 4992K, reserved 1048576K
}
Event: 1010.900 GC heap before
{Heap before GC invocations=38 (full 3):
 PSYoungGen      total 299008K, used 61920K [0x0000000795580000, 0x00000007afa80000, 0x00000007c0000000)
  eden space 237056K, 0% used [0x0000000795580000,0x0000000795580000,0x00000007a3d00000)
  from space 61952K, 99% used [0x00000007a3d00000,0x00000007a7978070,0x00000007a7980000)
  to   space 84992K, 0% used [0x00000007aa780000,0x00000007aa780000,0x00000007afa80000)
 ParOldGen       total 126976K, used 125577K [0x0000000740000000, 0x0000000747c00000, 0x0000000795580000)
  object space 126976K, 98% used [0x0000000740000000,0x0000000747aa2530,0x0000000747c00000)
 Metaspace       used 38749K, capacity 39502K, committed 39808K, reserved 1083392K
  class space    used 4668K, capacity 4915K, committed 4992K, reserved 1048576K

